<?xml version="1.0" encoding="UTF-8"?>
<!-- Generated by org.testng.reporters.JUnitReportReporter -->
<testsuite hostname="YUVARAJ_UV" failures="0" tests="4" name="com.Tests.LoginTest" time="32.513" errors="0" timestamp="2025-03-28T12:48:25 IST" skipped="0">
  <testcase classname="com.Tests.LoginTest" name="testLogin" time="9.077"/>
  <testcase classname="com.Tests.LoginTest" name="testLogin" time="8.088"/>
  <testcase classname="com.Tests.LoginTest" name="testLogin" time="8.099"/>
  <testcase classname="com.Tests.LoginTest" name="testLogin" time="7.249"/>
</testsuite> <!-- com.Tests.LoginTest -->
